Active-HDL 13.0.376.8320 2024-02-06 15:17:57

Elaboration top modules:
VHDL Configuration            testbench_for_tutorvhdl


----------------------------------------------------------------------------------------------------
Entity       | Architecture    | Library   | Info | Compiler Version          | Compilation Options
----------------------------------------------------------------------------------------------------
tutorvhdl_tb | TB_ARCHITECTURE | tutorvhdl |      | 13.0.376.8320 (Windows64) | -dbg
TutorVHDL    | TutorVHDL       | tutorvhdl |      | 13.0.376.8320 (Windows64) | -dbg
----------------------------------------------------------------------------------------------------

----------------------------------------------------------------------------------------------------
VHDL Configuration             | Library   | Info | Compiler Version          | Compilation Options
----------------------------------------------------------------------------------------------------
testbench_for_tutorvhdl        | tutorvhdl |      | 13.0.376.8320 (Windows64) | -dbg
----------------------------------------------------------------------------------------------------

----------------------------------------------------------------------------------------------------
VHDL Package                   | Library   | Info | Compiler Version          | Compilation Options
----------------------------------------------------------------------------------------------------
standard                       | std       |      |                           | <unavailable>
TEXTIO                         | std       |      | 13.0.376.8320 (Windows64) |  -2019
std_logic_1164                 | ieee      |      | 13.0.376.8320 (Windows64) |  -2008
std_logic_arith                | ieee      |      | 13.0.376.8320 (Windows64) | <unavailable>
STD_LOGIC_UNSIGNED             | ieee      |      | 13.0.376.8320 (Windows64) | <unavailable>
----------------------------------------------------------------------------------------------------

----------------------------------------------------------------------------------------------------
Library                        | Comment
----------------------------------------------------------------------------------------------------
ieee                           | Standard IEEE packages library
std                            | Standard VHDL library
tutorvhdl                      | None
----------------------------------------------------------------------------------------------------
