
****** Vivado v2019.1 (64-bit)
  **** SW Build 2552052 on Fri May 24 14:49:42 MDT 2019
  **** IP Build 2548770 on Fri May 24 18:01:18 MDT 2019
    ** Copyright 1986-2019 Xilinx, Inc. All Rights Reserved.

source C:/My_Designs/TutorVHDL_Wt1620/TutorVHDL/synthesis/run_vivado.tcl
# create_project -force Top {C:\My_Designs\TutorVHDL_Wt1620\TutorVHDL\synthesis} -part 7a100tcsg324-1
# add_files -norecurse {C:/My_Designs/TutorVHDL_Wt1620/TutorVHDL/src/TutorVHDL.vhd}
# add_files -norecurse {C:/My_Designs/TutorVHDL_Wt1620/TutorVHDL/compile/Top.vhd}
# add_files -norecurse {C:/My_Designs/TutorVHDL_Wt1620/TutorVHDL/src/Prescaler.vhd}
# add_files -norecurse {C:/My_Designs/TutorVHDL_Wt1620/TutorVHDL/src/Debouncer.vhd}
# set_property top Top [current_fileset]
# set_property XPM_LIBRARIES {XPM_CDC XPM_MEMORY} [current_project]
# synth_design -top Top -flatten_hierarchy rebuilt -gated_clock_conversion off -fsm_extraction auto -bufg 12 -fanout_limit 10000 -shreg_min_size 3 -max_bram -1 -max_uram -1 -max_dsp -1 -max_bram_cascade_height -1 -max_uram_cascade_height -1 -cascade_dsp auto -directive default -resource_sharing auto -control_set_opt_threshold auto
Command: synth_design -top Top -flatten_hierarchy rebuilt -gated_clock_conversion off -fsm_extraction auto -bufg 12 -fanout_limit 10000 -shreg_min_size 3 -max_bram -1 -max_uram -1 -max_dsp -1 -max_bram_cascade_height -1 -max_uram_cascade_height -1 -cascade_dsp auto -directive default -resource_sharing auto -control_set_opt_threshold auto
Starting synth_design
Using part: xc7a100tcsg324-1
Attempting to get a license for feature 'Synthesis' and/or device 'xc7a100t'
INFO: [Common 17-349] Got license for feature 'Synthesis' and/or device 'xc7a100t'
INFO: [Device 21-403] Loading part xc7a100tcsg324-1
INFO: Launching helper process for spawning children vivado processes
INFO: Helper process launched with PID 9148 
---------------------------------------------------------------------------------
Starting RTL Elaboration : Time (s): cpu = 00:00:03 ; elapsed = 00:00:03 . Memory (MB): peak = 811.207 ; gain = 178.488
---------------------------------------------------------------------------------
INFO: [Synth 8-638] synthesizing module 'Top' [C:/My_Designs/TutorVHDL_Wt1620/TutorVHDL/compile/Top.vhd:43]
INFO: [Synth 8-3491] module 'TutorVHDL' declared at 'C:/My_Designs/TutorVHDL_Wt1620/TutorVHDL/src/TutorVHDL.vhd:19' bound to instance 'U2' of component 'TutorVHDL' [C:/My_Designs/TutorVHDL_Wt1620/TutorVHDL/compile/Top.vhd:88]
INFO: [Synth 8-638] synthesizing module 'TutorVHDL' [C:/My_Designs/TutorVHDL_Wt1620/TutorVHDL/src/TutorVHDL.vhd:34]
INFO: [Synth 8-256] done synthesizing module 'TutorVHDL' (1#1) [C:/My_Designs/TutorVHDL_Wt1620/TutorVHDL/src/TutorVHDL.vhd:34]
INFO: [Synth 8-3491] module 'Prescaler' declared at 'C:/My_Designs/TutorVHDL_Wt1620/TutorVHDL/src/Prescaler.vhd:20' bound to instance 'U3' of component 'Prescaler' [C:/My_Designs/TutorVHDL_Wt1620/TutorVHDL/compile/Top.vhd:102]
INFO: [Synth 8-638] synthesizing module 'Prescaler' [C:/My_Designs/TutorVHDL_Wt1620/TutorVHDL/src/Prescaler.vhd:31]
INFO: [Synth 8-256] done synthesizing module 'Prescaler' (2#1) [C:/My_Designs/TutorVHDL_Wt1620/TutorVHDL/src/Prescaler.vhd:31]
INFO: [Synth 8-3491] module 'Debouncer' declared at 'C:/My_Designs/TutorVHDL_Wt1620/TutorVHDL/src/Debouncer.vhd:23' bound to instance 'U4' of component 'Debouncer' [C:/My_Designs/TutorVHDL_Wt1620/TutorVHDL/compile/Top.vhd:110]
INFO: [Synth 8-638] synthesizing module 'Debouncer' [C:/My_Designs/TutorVHDL_Wt1620/TutorVHDL/src/Debouncer.vhd:35]
INFO: [Synth 8-256] done synthesizing module 'Debouncer' (3#1) [C:/My_Designs/TutorVHDL_Wt1620/TutorVHDL/src/Debouncer.vhd:35]
INFO: [Synth 8-256] done synthesizing module 'Top' (4#1) [C:/My_Designs/TutorVHDL_Wt1620/TutorVHDL/compile/Top.vhd:43]
---------------------------------------------------------------------------------
Finished RTL Elaboration : Time (s): cpu = 00:00:04 ; elapsed = 00:00:04 . Memory (MB): peak = 876.777 ; gain = 244.059
---------------------------------------------------------------------------------

Report Check Netlist: 
+------+------------------+-------+---------+-------+------------------+
|      |Item              |Errors |Warnings |Status |Description       |
+------+------------------+-------+---------+-------+------------------+
|1     |multi_driven_nets |      0|        0|Passed |Multi driven nets |
+------+------------------+-------+---------+-------+------------------+
---------------------------------------------------------------------------------
Start Handling Custom Attributes
---------------------------------------------------------------------------------
---------------------------------------------------------------------------------
Finished Handling Custom Attributes : Time (s): cpu = 00:00:04 ; elapsed = 00:00:04 . Memory (MB): peak = 876.777 ; gain = 244.059
---------------------------------------------------------------------------------
---------------------------------------------------------------------------------
Finished RTL Optimization Phase 1 : Time (s): cpu = 00:00:04 ; elapsed = 00:00:04 . Memory (MB): peak = 876.777 ; gain = 244.059
---------------------------------------------------------------------------------
INFO: [Project 1-570] Preparing netlist for logic optimization

Processing XDC Constraints
Initializing timing engine
Completed Processing XDC Constraints

Netlist sorting complete. Time (s): cpu = 00:00:00 ; elapsed = 00:00:00 . Memory (MB): peak = 963.254 ; gain = 0.000
INFO: [Project 1-111] Unisim Transformation Summary:
No Unisim elements were transformed.

WARNING: [Constraints 18-5210] No constraints selected for write.
Resolution: This message can indicate that there are no constraints for the design, or it can indicate that the used_in flags are set such that the constraints are ignored. This later case is used when running synth_design to not write synthesis constraints to the resulting checkpoint. Instead, project constraints are read when the synthesized design is opened.
Constraint Validation Runtime : Time (s): cpu = 00:00:01 ; elapsed = 00:00:00.038 . Memory (MB): peak = 963.273 ; gain = 0.020
---------------------------------------------------------------------------------
Finished Constraint Validation : Time (s): cpu = 00:00:09 ; elapsed = 00:00:09 . Memory (MB): peak = 963.273 ; gain = 330.555
---------------------------------------------------------------------------------
---------------------------------------------------------------------------------
Start Loading Part and Timing Information
---------------------------------------------------------------------------------
Loading part: xc7a100tcsg324-1
---------------------------------------------------------------------------------
Finished Loading Part and Timing Information : Time (s): cpu = 00:00:09 ; elapsed = 00:00:09 . Memory (MB): peak = 963.273 ; gain = 330.555
---------------------------------------------------------------------------------
---------------------------------------------------------------------------------
Start Applying 'set_property' XDC Constraints
---------------------------------------------------------------------------------
---------------------------------------------------------------------------------
Finished applying 'set_property' XDC Constraints : Time (s): cpu = 00:00:09 ; elapsed = 00:00:09 . Memory (MB): peak = 963.273 ; gain = 330.555
---------------------------------------------------------------------------------
INFO: [Synth 8-5818] HDL ADVISOR - The operator resource <adder> is shared. To prevent sharing consider applying a KEEP on the output of the operator [C:/My_Designs/TutorVHDL_Wt1620/TutorVHDL/src/TutorVHDL.vhd:48]
WARNING: [Synth 8-327] inferring latch for variable 'L_DATA_reg' [C:/My_Designs/TutorVHDL_Wt1620/TutorVHDL/src/TutorVHDL.vhd:62]
---------------------------------------------------------------------------------
Finished RTL Optimization Phase 2 : Time (s): cpu = 00:00:09 ; elapsed = 00:00:09 . Memory (MB): peak = 963.273 ; gain = 330.555
---------------------------------------------------------------------------------

Report RTL Partitions: 
+-+--------------+------------+----------+
| |RTL Partition |Replication |Instances |
+-+--------------+------------+----------+
+-+--------------+------------+----------+
---------------------------------------------------------------------------------
Start RTL Component Statistics 
---------------------------------------------------------------------------------
Detailed RTL Component Info : 
+---Adders : 
	   2 Input      4 Bit       Adders := 1     
+---Registers : 
	                4 Bit    Registers := 1     
	                3 Bit    Registers := 1     
+---Muxes : 
	   2 Input      4 Bit        Muxes := 2     
	   2 Input      2 Bit        Muxes := 1     
---------------------------------------------------------------------------------
Finished RTL Component Statistics 
---------------------------------------------------------------------------------
---------------------------------------------------------------------------------
Start RTL Hierarchical Component Statistics 
---------------------------------------------------------------------------------
Hierarchical RTL Component report 
Module TutorVHDL 
Detailed RTL Component Info : 
+---Adders : 
	   2 Input      4 Bit       Adders := 1     
+---Registers : 
	                4 Bit    Registers := 1     
+---Muxes : 
	   2 Input      4 Bit        Muxes := 2     
	   2 Input      2 Bit        Muxes := 1     
Module Debouncer 
Detailed RTL Component Info : 
+---Registers : 
	                3 Bit    Registers := 1     
---------------------------------------------------------------------------------
Finished RTL Hierarchical Component Statistics
---------------------------------------------------------------------------------
---------------------------------------------------------------------------------
Start Part Resource Summary
---------------------------------------------------------------------------------
Part Resources:
DSPs: 240 (col length:80)
BRAMs: 270 (col length: RAMB18 80 RAMB36 40)
---------------------------------------------------------------------------------
Finished Part Resource Summary
---------------------------------------------------------------------------------
---------------------------------------------------------------------------------
Start Cross Boundary and Area Optimization
---------------------------------------------------------------------------------
Warning: Parallel synthesis criteria is not met 
---------------------------------------------------------------------------------
Finished Cross Boundary and Area Optimization : Time (s): cpu = 00:00:10 ; elapsed = 00:00:10 . Memory (MB): peak = 963.273 ; gain = 330.555
---------------------------------------------------------------------------------

Report RTL Partitions: 
+-+--------------+------------+----------+
| |RTL Partition |Replication |Instances |
+-+--------------+------------+----------+
+-+--------------+------------+----------+
---------------------------------------------------------------------------------
Start Applying XDC Timing Constraints
---------------------------------------------------------------------------------
---------------------------------------------------------------------------------
Finished Applying XDC Timing Constraints : Time (s): cpu = 00:00:16 ; elapsed = 00:00:16 . Memory (MB): peak = 964.203 ; gain = 331.484
---------------------------------------------------------------------------------
---------------------------------------------------------------------------------
Start Timing Optimization
---------------------------------------------------------------------------------
---------------------------------------------------------------------------------
Finished Timing Optimization : Time (s): cpu = 00:00:16 ; elapsed = 00:00:16 . Memory (MB): peak = 964.203 ; gain = 331.484
---------------------------------------------------------------------------------

Report RTL Partitions: 
+-+--------------+------------+----------+
| |RTL Partition |Replication |Instances |
+-+--------------+------------+----------+
+-+--------------+------------+----------+
---------------------------------------------------------------------------------
Start Technology Mapping
---------------------------------------------------------------------------------
---------------------------------------------------------------------------------
Finished Technology Mapping : Time (s): cpu = 00:00:16 ; elapsed = 00:00:16 . Memory (MB): peak = 974.711 ; gain = 341.992
---------------------------------------------------------------------------------

Report RTL Partitions: 
+-+--------------+------------+----------+
| |RTL Partition |Replication |Instances |
+-+--------------+------------+----------+
+-+--------------+------------+----------+
---------------------------------------------------------------------------------
Start IO Insertion
---------------------------------------------------------------------------------
---------------------------------------------------------------------------------
Start Flattening Before IO Insertion
---------------------------------------------------------------------------------
---------------------------------------------------------------------------------
Finished Flattening Before IO Insertion
---------------------------------------------------------------------------------
---------------------------------------------------------------------------------
Start Final Netlist Cleanup
---------------------------------------------------------------------------------
---------------------------------------------------------------------------------
Finished Final Netlist Cleanup
---------------------------------------------------------------------------------
---------------------------------------------------------------------------------
Finished IO Insertion : Time (s): cpu = 00:00:18 ; elapsed = 00:00:18 . Memory (MB): peak = 990.559 ; gain = 357.840
---------------------------------------------------------------------------------

Report Check Netlist: 
+------+------------------+-------+---------+-------+------------------+
|      |Item              |Errors |Warnings |Status |Description       |
+------+------------------+-------+---------+-------+------------------+
|1     |multi_driven_nets |      0|        0|Passed |Multi driven nets |
+------+------------------+-------+---------+-------+------------------+
---------------------------------------------------------------------------------
Start Renaming Generated Instances
---------------------------------------------------------------------------------
---------------------------------------------------------------------------------
Finished Renaming Generated Instances : Time (s): cpu = 00:00:18 ; elapsed = 00:00:18 . Memory (MB): peak = 990.559 ; gain = 357.840
---------------------------------------------------------------------------------

Report RTL Partitions: 
+-+--------------+------------+----------+
| |RTL Partition |Replication |Instances |
+-+--------------+------------+----------+
+-+--------------+------------+----------+
---------------------------------------------------------------------------------
Start Rebuilding User Hierarchy
---------------------------------------------------------------------------------
---------------------------------------------------------------------------------
Finished Rebuilding User Hierarchy : Time (s): cpu = 00:00:18 ; elapsed = 00:00:18 . Memory (MB): peak = 990.559 ; gain = 357.840
---------------------------------------------------------------------------------
---------------------------------------------------------------------------------
Start Renaming Generated Ports
---------------------------------------------------------------------------------
---------------------------------------------------------------------------------
Finished Renaming Generated Ports : Time (s): cpu = 00:00:18 ; elapsed = 00:00:18 . Memory (MB): peak = 990.559 ; gain = 357.840
---------------------------------------------------------------------------------
---------------------------------------------------------------------------------
Start Handling Custom Attributes
---------------------------------------------------------------------------------
---------------------------------------------------------------------------------
Finished Handling Custom Attributes : Time (s): cpu = 00:00:18 ; elapsed = 00:00:18 . Memory (MB): peak = 990.559 ; gain = 357.840
---------------------------------------------------------------------------------
---------------------------------------------------------------------------------
Start Renaming Generated Nets
---------------------------------------------------------------------------------
---------------------------------------------------------------------------------
Finished Renaming Generated Nets : Time (s): cpu = 00:00:18 ; elapsed = 00:00:18 . Memory (MB): peak = 990.559 ; gain = 357.840
---------------------------------------------------------------------------------
---------------------------------------------------------------------------------
Start Writing Synthesis Report
---------------------------------------------------------------------------------

Report BlackBoxes: 
+-+--------------+----------+
| |BlackBox name |Instances |
+-+--------------+----------+
+-+--------------+----------+

Report Cell Usage: 
+------+-------+------+
|      |Cell   |Count |
+------+-------+------+
|1     |BUFG   |     2|
|2     |CARRY4 |     9|
|3     |LUT1   |     1|
|4     |LUT3   |     7|
|5     |LUT4   |     3|
|6     |LUT5   |    41|
|7     |LUT6   |     3|
|8     |FDCE   |    40|
|9     |LDC    |     4|
|10    |IBUF   |    13|
|11    |OBUFT  |     4|
+------+-------+------+

Report Instance Areas: 
+------+---------+----------+------+
|      |Instance |Module    |Cells |
+------+---------+----------+------+
|1     |top      |          |   127|
|2     |  U2     |TutorVHDL |    17|
|3     |  U3     |Prescaler |    86|
|4     |  U4     |Debouncer |     4|
+------+---------+----------+------+
---------------------------------------------------------------------------------
Finished Writing Synthesis Report : Time (s): cpu = 00:00:18 ; elapsed = 00:00:18 . Memory (MB): peak = 990.559 ; gain = 357.840
---------------------------------------------------------------------------------
Synthesis finished with 0 errors, 0 critical warnings and 1 warnings.
Synthesis Optimization Runtime : Time (s): cpu = 00:00:12 ; elapsed = 00:00:17 . Memory (MB): peak = 990.559 ; gain = 271.344
Synthesis Optimization Complete : Time (s): cpu = 00:00:18 ; elapsed = 00:00:18 . Memory (MB): peak = 990.559 ; gain = 357.840
INFO: [Project 1-571] Translating synthesized netlist
INFO: [Netlist 29-17] Analyzing 13 Unisim elements for replacement
INFO: [Netlist 29-28] Unisim Transformation completed in 0 CPU seconds
INFO: [Project 1-570] Preparing netlist for logic optimization
INFO: [Opt 31-138] Pushed 0 inverter(s) to 0 load pin(s).
Netlist sorting complete. Time (s): cpu = 00:00:00 ; elapsed = 00:00:00 . Memory (MB): peak = 1007.617 ; gain = 0.000
INFO: [Project 1-111] Unisim Transformation Summary:
  A total of 4 instances were transformed.
  LDC => LDCE: 4 instances

INFO: [Common 17-83] Releasing license: Synthesis
23 Infos, 2 Warnings, 0 Critical Warnings and 0 Errors encountered.
synth_design completed successfully
synth_design: Time (s): cpu = 00:00:23 ; elapsed = 00:00:24 . Memory (MB): peak = 1007.617 ; gain = 652.121
# report_utilization -file {Top_utilization_synth.rpt}
# write_edf -force {Top.edn}
C:/My_Designs/TutorVHDL_Wt1620/TutorVHDL/synthesis/Top.edn
# write_vhdl -force {Top.vhd}
# write_xdc -force {Top.xdc}
# write_checkpoint -force Top_synth.dcp
Netlist sorting complete. Time (s): cpu = 00:00:00 ; elapsed = 00:00:00 . Memory (MB): peak = 1007.617 ; gain = 0.000
WARNING: [Constraints 18-5210] No constraints selected for write.
Resolution: This message can indicate that there are no constraints for the design, or it can indicate that the used_in flags are set such that the constraints are ignored. This later case is used when running synth_design to not write synthesis constraints to the resulting checkpoint. Instead, project constraints are read when the synthesized design is opened.
INFO: [Common 17-1381] The checkpoint 'C:/My_Designs/TutorVHDL_Wt1620/TutorVHDL/synthesis/Top_synth.dcp' has been generated.
INFO: [Common 17-206] Exiting Vivado at Tue Dec 12 17:38:13 2023...
