Copyright 1986-2019 Xilinx, Inc. All Rights Reserved.
------------------------------------------------------------------------------------
| Tool Version : Vivado v.2019.1 (win64) Build 2552052 Fri May 24 14:49:42 MDT 2019
| Date         : Tue Dec 12 17:40:11 2023
| Host         : Lab401-00 running 64-bit major release  (build 9200)
| Command      : report_timing_summary -file Top_timing_summary_routed.rpt
| Design       : Top
| Device       : 7a100t-csg324
| Speed File   : -1  PRODUCTION 1.23 2018-06-13
------------------------------------------------------------------------------------

Timing Summary Report

------------------------------------------------------------------------------------------------
| Timer Settings
| --------------
------------------------------------------------------------------------------------------------

  Enable Multi Corner Analysis               :  Yes
  Enable Pessimism Removal                   :  Yes
  Pessimism Removal Resolution               :  Nearest Common Node
  Enable Input Delay Default Clock           :  No
  Enable Preset / Clear Arcs                 :  No
  Disable Flight Delays                      :  No
  Ignore I/O Paths                           :  No
  Timing Early Launch at Borrowing Latches   :  No
  Borrow Time for Max Delay Exceptions       :  Yes

  Corner  Analyze    Analyze    
  Name    Max Paths  Min Paths  
  ------  ---------  ---------  
  Slow    Yes        Yes        
  Fast    Yes        Yes        



check_timing report

Table of Contents
-----------------
1. checking no_clock
2. checking constant_clock
3. checking pulse_width_clock
4. checking unconstrained_internal_endpoints
5. checking no_input_delay
6. checking no_output_delay
7. checking multiple_clock
8. checking generated_clocks
9. checking loops
10. checking partial_input_delay
11. checking partial_output_delay
12. checking latch_loops

1. checking no_clock
--------------------
 There are 4 register/latch pins with no clock driven by root clock pin: LE (HIGH)


2. checking constant_clock
--------------------------
 There are 0 register/latch pins with constant_clock.


3. checking pulse_width_clock
-----------------------------
 There are 0 register/latch pins which need pulse_width check


4. checking unconstrained_internal_endpoints
--------------------------------------------
 There are 8 pins that are not constrained for maximum delay. (HIGH)

 There are 0 pins that are not constrained for maximum delay due to constant clock.


5. checking no_input_delay
--------------------------
 There are 9 input ports with no input delay specified. (HIGH)

 There are 0 input ports with no input delay but user has a false path constraint.


6. checking no_output_delay
---------------------------
 There are 4 ports with no output delay specified. (HIGH)

 There are 0 ports with no output delay but user has a false path constraint

 There are 0 ports with no output delay but with a timing clock defined on it or propagating through it


7. checking multiple_clock
--------------------------
 There are 0 register/latch pins with multiple clocks.


8. checking generated_clocks
----------------------------
 There are 0 generated clocks that are not connected to a clock source.


9. checking loops
-----------------
 There are 0 combinational loops in the design.


10. checking partial_input_delay
--------------------------------
 There are 0 input ports with partial input delay specified.


11. checking partial_output_delay
---------------------------------
 There are 0 ports with partial output delay specified.


12. checking latch_loops
------------------------
 There are 0 combinational latch loops in the design through latch input



------------------------------------------------------------------------------------------------
| Design Timing Summary
| ---------------------
------------------------------------------------------------------------------------------------

    WNS(ns)      TNS(ns)  TNS Failing Endpoints  TNS Total Endpoints      WHS(ns)      THS(ns)  THS Failing Endpoints  THS Total Endpoints     WPWS(ns)     TPWS(ns)  TPWS Failing Endpoints  TPWS Total Endpoints  
    -------      -------  ---------------------  -------------------      -------      -------  ---------------------  -------------------     --------     --------  ----------------------  --------------------  
      4.605        0.000                      0                   46        0.242        0.000                      0                   46        4.500        0.000                       0                    41  


All user specified timing constraints are met.


------------------------------------------------------------------------------------------------
| Clock Summary
| -------------
------------------------------------------------------------------------------------------------

Clock        Waveform(ns)       Period(ns)      Frequency(MHz)
-----        ------------       ----------      --------------
sys_clk_pin  {0.000 5.000}      10.000          100.000         


------------------------------------------------------------------------------------------------
| Intra Clock Table
| -----------------
------------------------------------------------------------------------------------------------

Clock             WNS(ns)      TNS(ns)  TNS Failing Endpoints  TNS Total Endpoints      WHS(ns)      THS(ns)  THS Failing Endpoints  THS Total Endpoints     WPWS(ns)     TPWS(ns)  TPWS Failing Endpoints  TPWS Total Endpoints  
-----             -------      -------  ---------------------  -------------------      -------      -------  ---------------------  -------------------     --------     --------  ----------------------  --------------------  
sys_clk_pin         4.605        0.000                      0                   46        0.242        0.000                      0                   46        4.500        0.000                       0                    41  


------------------------------------------------------------------------------------------------
| Inter Clock Table
| -----------------
------------------------------------------------------------------------------------------------

From Clock    To Clock          WNS(ns)      TNS(ns)  TNS Failing Endpoints  TNS Total Endpoints      WHS(ns)      THS(ns)  THS Failing Endpoints  THS Total Endpoints  
----------    --------          -------      -------  ---------------------  -------------------      -------      -------  ---------------------  -------------------  


------------------------------------------------------------------------------------------------
| Other Path Groups Table
| -----------------------
------------------------------------------------------------------------------------------------

Path Group    From Clock    To Clock          WNS(ns)      TNS(ns)  TNS Failing Endpoints  TNS Total Endpoints      WHS(ns)      THS(ns)  THS Failing Endpoints  THS Total Endpoints  
----------    ----------    --------          -------      -------  ---------------------  -------------------      -------      -------  ---------------------  -------------------  


------------------------------------------------------------------------------------------------
| Timing Details
| --------------
------------------------------------------------------------------------------------------------


---------------------------------------------------------------------------------------------------
From Clock:  sys_clk_pin
  To Clock:  sys_clk_pin

Setup :            0  Failing Endpoints,  Worst Slack        4.605ns,  Total Violation        0.000ns
Hold  :            0  Failing Endpoints,  Worst Slack        0.242ns,  Total Violation        0.000ns
PW    :            0  Failing Endpoints,  Worst Slack        4.500ns,  Total Violation        0.000ns
---------------------------------------------------------------------------------------------------


Max Delay Paths
--------------------------------------------------------------------------------------
Slack (MET) :             4.605ns  (required time - arrival time)
  Source:                 U3/DIVIDER_reg[27]/C
                            (rising edge-triggered cell FDCE clocked by sys_clk_pin  {rise@0.000ns fall@5.000ns period=10.000ns})
  Destination:            U3/DIVIDER_reg[32]/D
                            (rising edge-triggered cell FDCE clocked by sys_clk_pin  {rise@0.000ns fall@5.000ns period=10.000ns})
  Path Group:             sys_clk_pin
  Path Type:              Setup (Max at Slow Process Corner)
  Requirement:            10.000ns  (sys_clk_pin rise@10.000ns - sys_clk_pin rise@0.000ns)
  Data Path Delay:        5.444ns  (logic 2.461ns (45.203%)  route 2.983ns (54.797%))
  Logic Levels:           12  (CARRY4=9 LUT4=1 LUT5=2)
  Clock Path Skew:        -0.024ns (DCD - SCD + CPR)
    Destination Clock Delay (DCD):    5.026ns = ( 15.026 - 10.000 ) 
    Source Clock Delay      (SCD):    5.325ns
    Clock Pessimism Removal (CPR):    0.275ns
  Clock Uncertainty:      0.035ns  ((TSJ^2 + TIJ^2)^1/2 + DJ) / 2 + PE
    Total System Jitter     (TSJ):    0.071ns
    Total Input Jitter      (TIJ):    0.000ns
    Discrete Jitter          (DJ):    0.000ns
    Phase Error              (PE):    0.000ns

    Location             Delay type                Incr(ns)  Path(ns)    Netlist Resource(s)
  -------------------------------------------------------------------    -------------------
                         (clock sys_clk_pin rise edge)
                                                      0.000     0.000 r  
    E3                                                0.000     0.000 r  CLK (IN)
                         net (fo=0)                   0.000     0.000    CLK
    E3                   IBUF (Prop_ibuf_I_O)         1.482     1.482 r  CLK_IBUF_inst/O
                         net (fo=1, routed)           2.025     3.506    CLK_IBUF
    BUFGCTRL_X0Y16       BUFG (Prop_bufg_I_O)         0.096     3.602 r  CLK_IBUF_BUFG_inst/O
                         net (fo=40, routed)          1.722     5.325    U3/CLK
    SLICE_X2Y88          FDCE                                         r  U3/DIVIDER_reg[27]/C
  -------------------------------------------------------------------    -------------------
    SLICE_X2Y88          FDCE (Prop_fdce_C_Q)         0.518     5.843 r  U3/DIVIDER_reg[27]/Q
                         net (fo=2, routed)           0.676     6.519    U3/DIVIDER_reg[27]
    SLICE_X3Y88          LUT4 (Prop_lut4_I3_O)        0.124     6.643 r  U3/DELAY[2]_i_7/O
                         net (fo=1, routed)           0.402     7.045    U3/DELAY[2]_i_7_n_0
    SLICE_X3Y89          LUT5 (Prop_lut5_I4_O)        0.124     7.169 f  U3/DELAY[2]_i_3/O
                         net (fo=36, routed)          1.905     9.074    U3/DELAY[2]_i_3_n_0
    SLICE_X2Y82          LUT5 (Prop_lut5_I2_O)        0.124     9.198 r  U3/DIVIDER[0]_i_5/O
                         net (fo=1, routed)           0.000     9.198    U3/DIVIDER[0]_i_5_n_0
    SLICE_X2Y82          CARRY4 (Prop_carry4_S[1]_CO[3])
                                                      0.533     9.731 r  U3/DIVIDER_reg[0]_i_1/CO[3]
                         net (fo=1, routed)           0.000     9.731    U3/DIVIDER_reg[0]_i_1_n_0
    SLICE_X2Y83          CARRY4 (Prop_carry4_CI_CO[3])
                                                      0.117     9.848 r  U3/DIVIDER_reg[4]_i_1/CO[3]
                         net (fo=1, routed)           0.000     9.848    U3/DIVIDER_reg[4]_i_1_n_0
    SLICE_X2Y84          CARRY4 (Prop_carry4_CI_CO[3])
                                                      0.117     9.965 r  U3/DIVIDER_reg[8]_i_1/CO[3]
                         net (fo=1, routed)           0.000     9.965    U3/DIVIDER_reg[8]_i_1_n_0
    SLICE_X2Y85          CARRY4 (Prop_carry4_CI_CO[3])
                                                      0.117    10.082 r  U3/DIVIDER_reg[12]_i_1/CO[3]
                         net (fo=1, routed)           0.000    10.082    U3/DIVIDER_reg[12]_i_1_n_0
    SLICE_X2Y86          CARRY4 (Prop_carry4_CI_CO[3])
                                                      0.117    10.199 r  U3/DIVIDER_reg[16]_i_1/CO[3]
                         net (fo=1, routed)           0.000    10.199    U3/DIVIDER_reg[16]_i_1_n_0
    SLICE_X2Y87          CARRY4 (Prop_carry4_CI_CO[3])
                                                      0.117    10.316 r  U3/DIVIDER_reg[20]_i_1/CO[3]
                         net (fo=1, routed)           0.000    10.316    U3/DIVIDER_reg[20]_i_1_n_0
    SLICE_X2Y88          CARRY4 (Prop_carry4_CI_CO[3])
                                                      0.117    10.433 r  U3/DIVIDER_reg[24]_i_1/CO[3]
                         net (fo=1, routed)           0.000    10.433    U3/DIVIDER_reg[24]_i_1_n_0
    SLICE_X2Y89          CARRY4 (Prop_carry4_CI_CO[3])
                                                      0.117    10.550 r  U3/DIVIDER_reg[28]_i_1/CO[3]
                         net (fo=1, routed)           0.000    10.550    U3/DIVIDER_reg[28]_i_1_n_0
    SLICE_X2Y90          CARRY4 (Prop_carry4_CI_O[0])
                                                      0.219    10.769 r  U3/DIVIDER_reg[32]_i_1/O[0]
                         net (fo=1, routed)           0.000    10.769    U3/DIVIDER_reg[32]_i_1_n_7
    SLICE_X2Y90          FDCE                                         r  U3/DIVIDER_reg[32]/D
  -------------------------------------------------------------------    -------------------

                         (clock sys_clk_pin rise edge)
                                                     10.000    10.000 r  
    E3                                                0.000    10.000 r  CLK (IN)
                         net (fo=0)                   0.000    10.000    CLK
    E3                   IBUF (Prop_ibuf_I_O)         1.411    11.411 r  CLK_IBUF_inst/O
                         net (fo=1, routed)           1.920    13.331    CLK_IBUF
    BUFGCTRL_X0Y16       BUFG (Prop_bufg_I_O)         0.091    13.422 r  CLK_IBUF_BUFG_inst/O
                         net (fo=40, routed)          1.603    15.026    U3/CLK
    SLICE_X2Y90          FDCE                                         r  U3/DIVIDER_reg[32]/C
                         clock pessimism              0.275    15.301    
                         clock uncertainty           -0.035    15.265    
    SLICE_X2Y90          FDCE (Setup_fdce_C_D)        0.109    15.374    U3/DIVIDER_reg[32]
  -------------------------------------------------------------------
                         required time                         15.374    
                         arrival time                         -10.769    
  -------------------------------------------------------------------
                         slack                                  4.605    





Min Delay Paths
--------------------------------------------------------------------------------------
Slack (MET) :             0.242ns  (arrival time - required time)
  Source:                 U2/Q_INT_reg[1]/C
                            (rising edge-triggered cell FDCE clocked by sys_clk_pin  {rise@0.000ns fall@5.000ns period=10.000ns})
  Destination:            U2/Q_INT_reg[3]/D
                            (rising edge-triggered cell FDCE clocked by sys_clk_pin  {rise@0.000ns fall@5.000ns period=10.000ns})
  Path Group:             sys_clk_pin
  Path Type:              Hold (Min at Fast Process Corner)
  Requirement:            0.000ns  (sys_clk_pin rise@0.000ns - sys_clk_pin rise@0.000ns)
  Data Path Delay:        0.333ns  (logic 0.227ns (68.096%)  route 0.106ns (31.904%))
  Logic Levels:           1  (LUT6=1)
  Clock Path Skew:        0.000ns (DCD - SCD - CPR)
    Destination Clock Delay (DCD):    2.037ns
    Source Clock Delay      (SCD):    1.519ns
    Clock Pessimism Removal (CPR):    0.517ns

    Location             Delay type                Incr(ns)  Path(ns)    Netlist Resource(s)
  -------------------------------------------------------------------    -------------------
                         (clock sys_clk_pin rise edge)
                                                      0.000     0.000 r  
    E3                                                0.000     0.000 r  CLK (IN)
                         net (fo=0)                   0.000     0.000    CLK
    E3                   IBUF (Prop_ibuf_I_O)         0.250     0.250 r  CLK_IBUF_inst/O
                         net (fo=1, routed)           0.644     0.894    CLK_IBUF
    BUFGCTRL_X0Y16       BUFG (Prop_bufg_I_O)         0.026     0.920 r  CLK_IBUF_BUFG_inst/O
                         net (fo=40, routed)          0.600     1.519    U2/CLK
    SLICE_X0Y86          FDCE                                         r  U2/Q_INT_reg[1]/C
  -------------------------------------------------------------------    -------------------
    SLICE_X0Y86          FDCE (Prop_fdce_C_Q)         0.128     1.647 r  U2/Q_INT_reg[1]/Q
                         net (fo=5, routed)           0.106     1.754    U2/Q_INT_reg[1]
    SLICE_X0Y86          LUT6 (Prop_lut6_I3_O)        0.099     1.853 r  U2/Q_INT[3]_i_2/O
                         net (fo=1, routed)           0.000     1.853    U2/p_0_in[3]
    SLICE_X0Y86          FDCE                                         r  U2/Q_INT_reg[3]/D
  -------------------------------------------------------------------    -------------------

                         (clock sys_clk_pin rise edge)
                                                      0.000     0.000 r  
    E3                                                0.000     0.000 r  CLK (IN)
                         net (fo=0)                   0.000     0.000    CLK
    E3                   IBUF (Prop_ibuf_I_O)         0.438     0.438 r  CLK_IBUF_inst/O
                         net (fo=1, routed)           0.699     1.136    CLK_IBUF
    BUFGCTRL_X0Y16       BUFG (Prop_bufg_I_O)         0.029     1.165 r  CLK_IBUF_BUFG_inst/O
                         net (fo=40, routed)          0.872     2.037    U2/CLK
    SLICE_X0Y86          FDCE                                         r  U2/Q_INT_reg[3]/C
                         clock pessimism             -0.517     1.519    
    SLICE_X0Y86          FDCE (Hold_fdce_C_D)         0.091     1.610    U2/Q_INT_reg[3]
  -------------------------------------------------------------------
                         required time                         -1.610    
                         arrival time                           1.853    
  -------------------------------------------------------------------
                         slack                                  0.242    





Pulse Width Checks
--------------------------------------------------------------------------------------
Clock Name:         sys_clk_pin
Waveform(ns):       { 0.000 5.000 }
Period(ns):         10.000
Sources:            { CLK }

Check Type        Corner  Lib Pin  Reference Pin  Required(ns)  Actual(ns)  Slack(ns)  Location        Pin
Min Period        n/a     BUFG/I   n/a            2.155         10.000      7.845      BUFGCTRL_X0Y16  CLK_IBUF_BUFG_inst/I
Low Pulse Width   Slow    FDCE/C   n/a            0.500         5.000       4.500      SLICE_X2Y89     U3/DIVIDER_reg[28]/C
High Pulse Width  Slow    FDCE/C   n/a            0.500         5.000       4.500      SLICE_X2Y84     U3/DIVIDER_reg[10]/C



