Copyright 1986-2019 Xilinx, Inc. All Rights Reserved.
------------------------------------------------------------------------------------
| Tool Version : Vivado v.2019.1 (win64) Build 2552052 Fri May 24 14:49:42 MDT 2019
| Date         : Tue Dec 12 17:39:40 2023
| Host         : Lab401-00 running 64-bit major release  (build 9200)
| Command      : report_timing_summary -file Top_timing_summary_placed.rpt
| Design       : Top
| Device       : 7a100t-csg324
| Speed File   : -1  PRODUCTION 1.23 2018-06-13
------------------------------------------------------------------------------------

Timing Summary Report

------------------------------------------------------------------------------------------------
| Timer Settings
| --------------
------------------------------------------------------------------------------------------------

  Enable Multi Corner Analysis               :  Yes
  Enable Pessimism Removal                   :  Yes
  Pessimism Removal Resolution               :  Nearest Common Node
  Enable Input Delay Default Clock           :  No
  Enable Preset / Clear Arcs                 :  No
  Disable Flight Delays                      :  No
  Ignore I/O Paths                           :  No
  Timing Early Launch at Borrowing Latches   :  No
  Borrow Time for Max Delay Exceptions       :  Yes

  Corner  Analyze    Analyze    
  Name    Max Paths  Min Paths  
  ------  ---------  ---------  
  Slow    Yes        Yes        
  Fast    Yes        Yes        



check_timing report

Table of Contents
-----------------
1. checking no_clock
2. checking constant_clock
3. checking pulse_width_clock
4. checking unconstrained_internal_endpoints
5. checking no_input_delay
6. checking no_output_delay
7. checking multiple_clock
8. checking generated_clocks
9. checking loops
10. checking partial_input_delay
11. checking partial_output_delay
12. checking latch_loops

1. checking no_clock
--------------------
 There are 4 register/latch pins with no clock driven by root clock pin: LE (HIGH)


2. checking constant_clock
--------------------------
 There are 0 register/latch pins with constant_clock.


3. checking pulse_width_clock
-----------------------------
 There are 0 register/latch pins which need pulse_width check


4. checking unconstrained_internal_endpoints
--------------------------------------------
 There are 8 pins that are not constrained for maximum delay. (HIGH)

 There are 0 pins that are not constrained for maximum delay due to constant clock.


5. checking no_input_delay
--------------------------
 There are 9 input ports with no input delay specified. (HIGH)

 There are 0 input ports with no input delay but user has a false path constraint.


6. checking no_output_delay
---------------------------
 There are 4 ports with no output delay specified. (HIGH)

 There are 0 ports with no output delay but user has a false path constraint

 There are 0 ports with no output delay but with a timing clock defined on it or propagating through it


7. checking multiple_clock
--------------------------
 There are 0 register/latch pins with multiple clocks.


8. checking generated_clocks
----------------------------
 There are 0 generated clocks that are not connected to a clock source.


9. checking loops
-----------------
 There are 0 combinational loops in the design.


10. checking partial_input_delay
--------------------------------
 There are 0 input ports with partial input delay specified.


11. checking partial_output_delay
---------------------------------
 There are 0 ports with partial output delay specified.


12. checking latch_loops
------------------------
 There are 0 combinational latch loops in the design through latch input



------------------------------------------------------------------------------------------------
| Design Timing Summary
| ---------------------
------------------------------------------------------------------------------------------------

    WNS(ns)      TNS(ns)  TNS Failing Endpoints  TNS Total Endpoints      WHS(ns)      THS(ns)  THS Failing Endpoints  THS Total Endpoints     WPWS(ns)     TPWS(ns)  TPWS Failing Endpoints  TPWS Total Endpoints  
    -------      -------  ---------------------  -------------------      -------      -------  ---------------------  -------------------     --------     --------  ----------------------  --------------------  
      5.232        0.000                      0                   46        0.222        0.000                      0                   46        4.500        0.000                       0                    41  


All user specified timing constraints are met.


------------------------------------------------------------------------------------------------
| Clock Summary
| -------------
------------------------------------------------------------------------------------------------

Clock        Waveform(ns)       Period(ns)      Frequency(MHz)
-----        ------------       ----------      --------------
sys_clk_pin  {0.000 5.000}      10.000          100.000         


------------------------------------------------------------------------------------------------
| Intra Clock Table
| -----------------
------------------------------------------------------------------------------------------------

Clock             WNS(ns)      TNS(ns)  TNS Failing Endpoints  TNS Total Endpoints      WHS(ns)      THS(ns)  THS Failing Endpoints  THS Total Endpoints     WPWS(ns)     TPWS(ns)  TPWS Failing Endpoints  TPWS Total Endpoints  
-----             -------      -------  ---------------------  -------------------      -------      -------  ---------------------  -------------------     --------     --------  ----------------------  --------------------  
sys_clk_pin         5.232        0.000                      0                   46        0.222        0.000                      0                   46        4.500        0.000                       0                    41  


------------------------------------------------------------------------------------------------
| Inter Clock Table
| -----------------
------------------------------------------------------------------------------------------------

From Clock    To Clock          WNS(ns)      TNS(ns)  TNS Failing Endpoints  TNS Total Endpoints      WHS(ns)      THS(ns)  THS Failing Endpoints  THS Total Endpoints  
----------    --------          -------      -------  ---------------------  -------------------      -------      -------  ---------------------  -------------------  


------------------------------------------------------------------------------------------------
| Other Path Groups Table
| -----------------------
------------------------------------------------------------------------------------------------

Path Group    From Clock    To Clock          WNS(ns)      TNS(ns)  TNS Failing Endpoints  TNS Total Endpoints      WHS(ns)      THS(ns)  THS Failing Endpoints  THS Total Endpoints  
----------    ----------    --------          -------      -------  ---------------------  -------------------      -------      -------  ---------------------  -------------------  


------------------------------------------------------------------------------------------------
| Timing Details
| --------------
------------------------------------------------------------------------------------------------


---------------------------------------------------------------------------------------------------
From Clock:  sys_clk_pin
  To Clock:  sys_clk_pin

Setup :            0  Failing Endpoints,  Worst Slack        5.232ns,  Total Violation        0.000ns
Hold  :            0  Failing Endpoints,  Worst Slack        0.222ns,  Total Violation        0.000ns
PW    :            0  Failing Endpoints,  Worst Slack        4.500ns,  Total Violation        0.000ns
---------------------------------------------------------------------------------------------------


Max Delay Paths
--------------------------------------------------------------------------------------
Slack (MET) :             5.232ns  (required time - arrival time)
  Source:                 U3/DIVIDER_reg[12]/C
                            (rising edge-triggered cell FDCE clocked by sys_clk_pin  {rise@0.000ns fall@5.000ns period=10.000ns})
  Destination:            U3/DIVIDER_reg[32]/D
                            (rising edge-triggered cell FDCE clocked by sys_clk_pin  {rise@0.000ns fall@5.000ns period=10.000ns})
  Path Group:             sys_clk_pin
  Path Type:              Setup (Max at Slow Process Corner)
  Requirement:            10.000ns  (sys_clk_pin rise@10.000ns - sys_clk_pin rise@0.000ns)
  Data Path Delay:        4.820ns  (logic 2.441ns (50.643%)  route 2.379ns (49.357%))
  Logic Levels:           12  (CARRY4=9 LUT4=1 LUT5=2)
  Clock Path Skew:        -0.022ns (DCD - SCD + CPR)
    Destination Clock Delay (DCD):    5.029ns = ( 15.029 - 10.000 ) 
    Source Clock Delay      (SCD):    5.323ns
    Clock Pessimism Removal (CPR):    0.272ns
  Clock Uncertainty:      0.035ns  ((TSJ^2 + TIJ^2)^1/2 + DJ) / 2 + PE
    Total System Jitter     (TSJ):    0.071ns
    Total Input Jitter      (TIJ):    0.000ns
    Discrete Jitter          (DJ):    0.000ns
    Phase Error              (PE):    0.000ns

    Location             Delay type                Incr(ns)  Path(ns)    Netlist Resource(s)
  -------------------------------------------------------------------    -------------------
                         (clock sys_clk_pin rise edge)
                                                      0.000     0.000 r  
    E3                                                0.000     0.000 r  CLK (IN)
                         net (fo=0)                   0.000     0.000    CLK
    E3                   IBUF (Prop_ibuf_I_O)         1.482     1.482 r  CLK_IBUF_inst/O
                         net (fo=1, estimated)        2.025     3.507    CLK_IBUF
    BUFGCTRL_X0Y16       BUFG (Prop_bufg_I_O)         0.096     3.603 r  CLK_IBUF_BUFG_inst/O
                         net (fo=40, estimated)       1.720     5.323    U3/CLK
    SLICE_X2Y85          FDCE                                         r  U3/DIVIDER_reg[12]/C
  -------------------------------------------------------------------    -------------------
    SLICE_X2Y85          FDCE (Prop_fdce_C_Q)         0.518     5.841 r  U3/DIVIDER_reg[12]/Q
                         net (fo=2, estimated)        0.776     6.617    U3/DIVIDER_reg[12]
    SLICE_X3Y85          LUT4 (Prop_lut4_I1_O)        0.124     6.741 r  U3/DELAY[2]_i_6/O
                         net (fo=1, estimated)        0.438     7.179    U3/DELAY[2]_i_6_n_0
    SLICE_X3Y87          LUT5 (Prop_lut5_I4_O)        0.124     7.303 f  U3/DELAY[2]_i_2/O
                         net (fo=36, estimated)       1.165     8.468    U3/DELAY[2]_i_2_n_0
    SLICE_X2Y82          LUT5 (Prop_lut5_I1_O)        0.124     8.592 r  U3/DIVIDER[0]_i_6/O
                         net (fo=1, routed)           0.000     8.592    U3/DIVIDER[0]_i_6_n_0
    SLICE_X2Y82          CARRY4 (Prop_carry4_S[0]_CO[3])
                                                      0.513     9.105 r  U3/DIVIDER_reg[0]_i_1/CO[3]
                         net (fo=1, estimated)        0.000     9.105    U3/DIVIDER_reg[0]_i_1_n_0
    SLICE_X2Y83          CARRY4 (Prop_carry4_CI_CO[3])
                                                      0.117     9.222 r  U3/DIVIDER_reg[4]_i_1/CO[3]
                         net (fo=1, estimated)        0.000     9.222    U3/DIVIDER_reg[4]_i_1_n_0
    SLICE_X2Y84          CARRY4 (Prop_carry4_CI_CO[3])
                                                      0.117     9.339 r  U3/DIVIDER_reg[8]_i_1/CO[3]
                         net (fo=1, estimated)        0.000     9.339    U3/DIVIDER_reg[8]_i_1_n_0
    SLICE_X2Y85          CARRY4 (Prop_carry4_CI_CO[3])
                                                      0.117     9.456 r  U3/DIVIDER_reg[12]_i_1/CO[3]
                         net (fo=1, estimated)        0.000     9.456    U3/DIVIDER_reg[12]_i_1_n_0
    SLICE_X2Y86          CARRY4 (Prop_carry4_CI_CO[3])
                                                      0.117     9.573 r  U3/DIVIDER_reg[16]_i_1/CO[3]
                         net (fo=1, estimated)        0.000     9.573    U3/DIVIDER_reg[16]_i_1_n_0
    SLICE_X2Y87          CARRY4 (Prop_carry4_CI_CO[3])
                                                      0.117     9.690 r  U3/DIVIDER_reg[20]_i_1/CO[3]
                         net (fo=1, estimated)        0.000     9.690    U3/DIVIDER_reg[20]_i_1_n_0
    SLICE_X2Y88          CARRY4 (Prop_carry4_CI_CO[3])
                                                      0.117     9.807 r  U3/DIVIDER_reg[24]_i_1/CO[3]
                         net (fo=1, estimated)        0.000     9.807    U3/DIVIDER_reg[24]_i_1_n_0
    SLICE_X2Y89          CARRY4 (Prop_carry4_CI_CO[3])
                                                      0.117     9.924 r  U3/DIVIDER_reg[28]_i_1/CO[3]
                         net (fo=1, estimated)        0.000     9.924    U3/DIVIDER_reg[28]_i_1_n_0
    SLICE_X2Y90          CARRY4 (Prop_carry4_CI_O[0])
                                                      0.219    10.143 r  U3/DIVIDER_reg[32]_i_1/O[0]
                         net (fo=1, routed)           0.000    10.143    U3/DIVIDER_reg[32]_i_1_n_7
    SLICE_X2Y90          FDCE                                         r  U3/DIVIDER_reg[32]/D
  -------------------------------------------------------------------    -------------------

                         (clock sys_clk_pin rise edge)
                                                     10.000    10.000 r  
    E3                                                0.000    10.000 r  CLK (IN)
                         net (fo=0)                   0.000    10.000    CLK
    E3                   IBUF (Prop_ibuf_I_O)         1.411    11.411 r  CLK_IBUF_inst/O
                         net (fo=1, estimated)        1.924    13.335    CLK_IBUF
    BUFGCTRL_X0Y16       BUFG (Prop_bufg_I_O)         0.091    13.426 r  CLK_IBUF_BUFG_inst/O
                         net (fo=40, estimated)       1.603    15.029    U3/CLK
    SLICE_X2Y90          FDCE                                         r  U3/DIVIDER_reg[32]/C
                         clock pessimism              0.272    15.301    
                         clock uncertainty           -0.035    15.265    
    SLICE_X2Y90          FDCE (Setup_fdce_C_D)        0.109    15.374    U3/DIVIDER_reg[32]
  -------------------------------------------------------------------
                         required time                         15.374    
                         arrival time                         -10.143    
  -------------------------------------------------------------------
                         slack                                  5.232    





Min Delay Paths
--------------------------------------------------------------------------------------
Slack (MET) :             0.222ns  (arrival time - required time)
  Source:                 U4/DELAY_reg[1]/C
                            (rising edge-triggered cell FDCE clocked by sys_clk_pin  {rise@0.000ns fall@5.000ns period=10.000ns})
  Destination:            U4/DELAY_reg[2]/D
                            (rising edge-triggered cell FDCE clocked by sys_clk_pin  {rise@0.000ns fall@5.000ns period=10.000ns})
  Path Group:             sys_clk_pin
  Path Type:              Hold (Min at Fast Process Corner)
  Requirement:            0.000ns  (sys_clk_pin rise@0.000ns - sys_clk_pin rise@0.000ns)
  Data Path Delay:        0.307ns  (logic 0.141ns (45.980%)  route 0.166ns (54.020%))
  Logic Levels:           0  
  Clock Path Skew:        0.015ns (DCD - SCD - CPR)
    Destination Clock Delay (DCD):    2.233ns
    Source Clock Delay      (SCD):    1.727ns
    Clock Pessimism Removal (CPR):    0.491ns

    Location             Delay type                Incr(ns)  Path(ns)    Netlist Resource(s)
  -------------------------------------------------------------------    -------------------
                         (clock sys_clk_pin rise edge)
                                                      0.000     0.000 r  
    E3                                                0.000     0.000 r  CLK (IN)
                         net (fo=0)                   0.000     0.000    CLK
    E3                   IBUF (Prop_ibuf_I_O)         0.250     0.250 r  CLK_IBUF_inst/O
                         net (fo=1, estimated)        0.854     1.103    CLK_IBUF
    BUFGCTRL_X0Y16       BUFG (Prop_bufg_I_O)         0.026     1.129 r  CLK_IBUF_BUFG_inst/O
                         net (fo=40, estimated)       0.598     1.727    U4/CLK
    SLICE_X4Y86          FDCE                                         r  U4/DELAY_reg[1]/C
  -------------------------------------------------------------------    -------------------
    SLICE_X4Y86          FDCE (Prop_fdce_C_Q)         0.141     1.868 r  U4/DELAY_reg[1]/Q
                         net (fo=2, estimated)        0.166     2.034    U4/DELAY[1]
    SLICE_X4Y86          FDCE                                         r  U4/DELAY_reg[2]/D
  -------------------------------------------------------------------    -------------------

                         (clock sys_clk_pin rise edge)
                                                      0.000     0.000 r  
    E3                                                0.000     0.000 r  CLK (IN)
                         net (fo=0)                   0.000     0.000    CLK
    E3                   IBUF (Prop_ibuf_I_O)         0.438     0.438 r  CLK_IBUF_inst/O
                         net (fo=1, estimated)        0.899     1.336    CLK_IBUF
    BUFGCTRL_X0Y16       BUFG (Prop_bufg_I_O)         0.029     1.365 r  CLK_IBUF_BUFG_inst/O
                         net (fo=40, estimated)       0.868     2.233    U4/CLK
    SLICE_X4Y86          FDCE                                         r  U4/DELAY_reg[2]/C
                         clock pessimism             -0.491     1.742    
    SLICE_X4Y86          FDCE (Hold_fdce_C_D)         0.070     1.812    U4/DELAY_reg[2]
  -------------------------------------------------------------------
                         required time                         -1.812    
                         arrival time                           2.034    
  -------------------------------------------------------------------
                         slack                                  0.222    





Pulse Width Checks
--------------------------------------------------------------------------------------
Clock Name:         sys_clk_pin
Waveform(ns):       { 0.000 5.000 }
Period(ns):         10.000
Sources:            { CLK }

Check Type        Corner  Lib Pin  Reference Pin  Required(ns)  Actual(ns)  Slack(ns)  Location        Pin
Min Period        n/a     BUFG/I   n/a            2.155         10.000      7.845      BUFGCTRL_X0Y16  CLK_IBUF_BUFG_inst/I
Low Pulse Width   Slow    FDCE/C   n/a            0.500         5.000       4.500      SLICE_X0Y87     U2/Q_INT_reg[0]/C
High Pulse Width  Fast    FDCE/C   n/a            0.500         5.000       4.500      SLICE_X0Y87     U2/Q_INT_reg[0]/C



